<?xml version="1.0" encoding="UTF-8" standalone="no"?>
<!DOCTYPE log SYSTEM "logger.dtd">
<log>
<record>
  <date>2019-08-08T16:32:26</date>
  <millis>1565262146807</millis>
  <sequence>0</sequence>
  <level>START</level>
  <class>com.kms.katalon.core.logging.XmlKeywordLogger</class>
  <method>startSuite</method>
  <thread>1</thread>
  <message>Start Test Suite : Test Suites/demo_EEBM</message>
  <nestedLevel>0</nestedLevel>
  <property name="name">demo_EEBM</property>
  <property name="description"></property>
  <property name="id">Test Suites/demo_EEBM</property>
</record>
<record>
  <date>2019-08-08T16:32:26</date>
  <millis>1565262146820</millis>
  <sequence>1</sequence>
  <level>RUN_DATA</level>
  <class>com.kms.katalon.core.logging.XmlKeywordLogger</class>
  <method>logMessage</method>
  <thread>1</thread>
  <message>hostName = promantus inc - G10PROLT025</message>
  <nestedLevel>0</nestedLevel>
  <property name="hostName">promantus inc - G10PROLT025</property>
</record>
<record>
  <date>2019-08-08T16:32:26</date>
  <millis>1565262146822</millis>
  <sequence>2</sequence>
  <level>RUN_DATA</level>
  <class>com.kms.katalon.core.logging.XmlKeywordLogger</class>
  <method>logMessage</method>
  <thread>1</thread>
  <message>os = Windows 10 64bit</message>
  <nestedLevel>0</nestedLevel>
  <property name="os">Windows 10 64bit</property>
</record>
<record>
  <date>2019-08-08T16:32:26</date>
  <millis>1565262146823</millis>
  <sequence>3</sequence>
  <level>RUN_DATA</level>
  <class>com.kms.katalon.core.logging.XmlKeywordLogger</class>
  <method>logMessage</method>
  <thread>1</thread>
  <message>hostAddress = 192.168.232.1</message>
  <nestedLevel>0</nestedLevel>
  <property name="hostAddress">192.168.232.1</property>
</record>
<record>
  <date>2019-08-08T16:32:26</date>
  <millis>1565262146824</millis>
  <sequence>4</sequence>
  <level>RUN_DATA</level>
  <class>com.kms.katalon.core.logging.XmlKeywordLogger</class>
  <method>logMessage</method>
  <thread>1</thread>
  <message>katalonVersion = 6.1.3.3</message>
  <nestedLevel>0</nestedLevel>
  <property name="katalonVersion">6.1.3.3</property>
</record>
<record>
  <date>2019-08-08T16:32:26</date>
  <millis>1565262146832</millis>
  <sequence>5</sequence>
  <level>START</level>
  <class>com.kms.katalon.core.logging.XmlKeywordLogger</class>
  <method>startKeyword</method>
  <thread>1</thread>
  <message>Start listener action : sampleBeforeTestSuite</message>
  <nestedLevel>0</nestedLevel>
</record>
<record>
  <date>2019-08-08T16:32:26</date>
  <millis>1565262146852</millis>
  <sequence>7</sequence>
  <level>START</level>
  <class>com.kms.katalon.core.logging.XmlKeywordLogger</class>
  <method>startKeyword</method>
  <thread>1</thread>
  <message>Start action : date = new java.util.Date()</message>
  <nestedLevel>1</nestedLevel>
  <property name="startLine">36</property>
  <property name="stepIndex">1</property>
</record>
<record>
  <date>2019-08-08T16:32:26</date>
  <millis>1565262146862</millis>
  <sequence>8</sequence>
  <level>END</level>
  <class>com.kms.katalon.core.logging.XmlKeywordLogger</class>
  <method>endKeyword</method>
  <thread>1</thread>
  <message>End action : date = new java.util.Date()</message>
  <nestedLevel>1</nestedLevel>
</record>
<record>
  <date>2019-08-08T16:32:26</date>
  <millis>1565262146863</millis>
  <sequence>9</sequence>
  <level>START</level>
  <class>com.kms.katalon.core.logging.XmlKeywordLogger</class>
  <method>startKeyword</method>
  <thread>1</thread>
  <message>Start action : dateFormat = new java.text.SimpleDateFormat(yyyyMMdd_hhmmss_a)</message>
  <nestedLevel>1</nestedLevel>
  <property name="startLine">37</property>
  <property name="stepIndex">2</property>
</record>
<record>
  <date>2019-08-08T16:32:26</date>
  <millis>1565262146884</millis>
  <sequence>10</sequence>
  <level>END</level>
  <class>com.kms.katalon.core.logging.XmlKeywordLogger</class>
  <method>endKeyword</method>
  <thread>1</thread>
  <message>End action : dateFormat = new java.text.SimpleDateFormat(yyyyMMdd_hhmmss_a)</message>
  <nestedLevel>1</nestedLevel>
</record>
<record>
  <date>2019-08-08T16:32:26</date>
  <millis>1565262146884</millis>
  <sequence>11</sequence>
  <level>START</level>
  <class>com.kms.katalon.core.logging.XmlKeywordLogger</class>
  <method>startKeyword</method>
  <thread>1</thread>
  <message>Start action : TestReport = \&amp;quot;Test Report\&amp;quot; + format(date).toString()</message>
  <nestedLevel>1</nestedLevel>
  <property name="startLine">38</property>
  <property name="stepIndex">3</property>
</record>
<record>
  <date>2019-08-08T16:32:26</date>
  <millis>1565262146897</millis>
  <sequence>12</sequence>
  <level>END</level>
  <class>com.kms.katalon.core.logging.XmlKeywordLogger</class>
  <method>endKeyword</method>
  <thread>1</thread>
  <message>End action : TestReport = \&amp;quot;Test Report\&amp;quot; + format(date).toString()</message>
  <nestedLevel>1</nestedLevel>
</record>
<record>
  <date>2019-08-08T16:32:26</date>
  <millis>1565262146897</millis>
  <sequence>13</sequence>
  <level>START</level>
  <class>com.kms.katalon.core.logging.XmlKeywordLogger</class>
  <method>startKeyword</method>
  <thread>1</thread>
  <message>Start action : println(\&amp;quot;***************************\&amp;quot; + TestReport)</message>
  <nestedLevel>1</nestedLevel>
  <property name="startLine">39</property>
  <property name="stepIndex">4</property>
</record>
<record>
  <date>2019-08-08T16:32:26</date>
  <millis>1565262146903</millis>
  <sequence>14</sequence>
  <level>END</level>
  <class>com.kms.katalon.core.logging.XmlKeywordLogger</class>
  <method>endKeyword</method>
  <thread>1</thread>
  <message>End action : println(\&amp;quot;***************************\&amp;quot; + TestReport)</message>
  <nestedLevel>1</nestedLevel>
</record>
<record>
  <date>2019-08-08T16:32:26</date>
  <millis>1565262146904</millis>
  <sequence>15</sequence>
  <level>START</level>
  <class>com.kms.katalon.core.logging.XmlKeywordLogger</class>
  <method>startKeyword</method>
  <thread>1</thread>
  <message>Start action : extent = new com.relevantcodes.extentreports.ExtentReports((((java.lang.System.getProperty(user.dir) + \\ExtentReports\\) + TestReport) + .html), true)</message>
  <nestedLevel>1</nestedLevel>
  <property name="startLine">40</property>
  <property name="stepIndex">5</property>
</record>
<record>
  <date>2019-08-08T16:32:27</date>
  <millis>1565262147376</millis>
  <sequence>17</sequence>
  <level>END</level>
  <class>com.kms.katalon.core.logging.XmlKeywordLogger</class>
  <method>endKeyword</method>
  <thread>1</thread>
  <message>End action : extent = new com.relevantcodes.extentreports.ExtentReports((((java.lang.System.getProperty(user.dir) + \\ExtentReports\\) + TestReport) + .html), true)</message>
  <nestedLevel>1</nestedLevel>
</record>
<record>
  <date>2019-08-08T16:32:27</date>
  <millis>1565262147376</millis>
  <sequence>18</sequence>
  <level>END</level>
  <class>com.kms.katalon.core.logging.XmlKeywordLogger</class>
  <method>endKeyword</method>
  <thread>1</thread>
  <message>End listener action : sampleBeforeTestSuite</message>
  <nestedLevel>0</nestedLevel>
</record>
<record>
  <date>2019-08-08T16:32:27</date>
  <millis>1565262147574</millis>
  <sequence>19</sequence>
  <level>START</level>
  <class>com.kms.katalon.core.logging.XmlKeywordLogger</class>
  <method>startTest</method>
  <thread>1</thread>
  <message>Start Test Case : Test Cases/OM_ExistingBuildings/TC_EnergyEfficiencyBestManagementPractices</message>
  <nestedLevel>1</nestedLevel>
  <property name="name">Test Cases/OM_ExistingBuildings/TC_EnergyEfficiencyBestManagementPractices</property>
  <property name="description"></property>
  <property name="id">Test Cases/OM_ExistingBuildings/TC_EnergyEfficiencyBestManagementPractices</property>
  <property name="source">H:\\USGBC_NewApproach1\\USGBC_LEED\\Test Cases\\OM_ExistingBuildings\\TC_EnergyEfficiencyBestManagementPractices.tc</property>
  <property name="tag"></property>
  <property name="isOptional">false</property>
</record>
<record>
  <date>2019-08-08T16:32:27</date>
  <millis>1565262147605</millis>
  <sequence>21</sequence>
  <level>START</level>
  <class>com.kms.katalon.core.logging.XmlKeywordLogger</class>
  <method>startKeyword</method>
  <thread>1</thread>
  <message>Start listener action : sampleBeforeTestCase</message>
  <nestedLevel>1</nestedLevel>
</record>
<record>
  <date>2019-08-08T16:32:27</date>
  <millis>1565262147606</millis>
  <sequence>23</sequence>
  <level>START</level>
  <class>com.kms.katalon.core.logging.XmlKeywordLogger</class>
  <method>startKeyword</method>
  <thread>1</thread>
  <message>Start action : a = testCaseContext.getTestCaseId()</message>
  <nestedLevel>1</nestedLevel>
  <property name="startLine">48</property>
  <property name="stepIndex">1</property>
</record>
<record>
  <date>2019-08-08T16:32:27</date>
  <millis>1565262147613</millis>
  <sequence>24</sequence>
  <level>END</level>
  <class>com.kms.katalon.core.logging.XmlKeywordLogger</class>
  <method>endKeyword</method>
  <thread>1</thread>
  <message>End action : a = testCaseContext.getTestCaseId()</message>
  <nestedLevel>1</nestedLevel>
</record>
<record>
  <date>2019-08-08T16:32:27</date>
  <millis>1565262147614</millis>
  <sequence>25</sequence>
  <level>START</level>
  <class>com.kms.katalon.core.logging.XmlKeywordLogger</class>
  <method>startKeyword</method>
  <thread>1</thread>
  <message>Start action : lastWord = a.substring(a.lastIndexOf(\&amp;quot;/\&amp;quot;) + 1)</message>
  <nestedLevel>1</nestedLevel>
  <property name="startLine">50</property>
  <property name="stepIndex">2</property>
</record>
<record>
  <date>2019-08-08T16:32:27</date>
  <millis>1565262147617</millis>
  <sequence>26</sequence>
  <level>END</level>
  <class>com.kms.katalon.core.logging.XmlKeywordLogger</class>
  <method>endKeyword</method>
  <thread>1</thread>
  <message>End action : lastWord = a.substring(a.lastIndexOf(\&amp;quot;/\&amp;quot;) + 1)</message>
  <nestedLevel>1</nestedLevel>
</record>
<record>
  <date>2019-08-08T16:32:27</date>
  <millis>1565262147617</millis>
  <sequence>27</sequence>
  <level>START</level>
  <class>com.kms.katalon.core.logging.XmlKeywordLogger</class>
  <method>startKeyword</method>
  <thread>1</thread>
  <message>Start action : currentTestCaseId = lastWord</message>
  <nestedLevel>1</nestedLevel>
  <property name="startLine">51</property>
  <property name="stepIndex">3</property>
</record>
<record>
  <date>2019-08-08T16:32:27</date>
  <millis>1565262147808</millis>
  <sequence>28</sequence>
  <level>END</level>
  <class>com.kms.katalon.core.logging.XmlKeywordLogger</class>
  <method>endKeyword</method>
  <thread>1</thread>
  <message>End action : currentTestCaseId = lastWord</message>
  <nestedLevel>1</nestedLevel>
</record>
<record>
  <date>2019-08-08T16:32:27</date>
  <millis>1565262147808</millis>
  <sequence>29</sequence>
  <level>START</level>
  <class>com.kms.katalon.core.logging.XmlKeywordLogger</class>
  <method>startKeyword</method>
  <thread>1</thread>
  <message>Start action : println(\&amp;quot;GlobalVariable.currentTestCaseId#############\&amp;quot; + lastWord)</message>
  <nestedLevel>1</nestedLevel>
  <property name="startLine">52</property>
  <property name="stepIndex">4</property>
</record>
<record>
  <date>2019-08-08T16:32:27</date>
  <millis>1565262147848</millis>
  <sequence>31</sequence>
  <level>END</level>
  <class>com.kms.katalon.core.logging.XmlKeywordLogger</class>
  <method>endKeyword</method>
  <thread>1</thread>
  <message>End action : println(\&amp;quot;GlobalVariable.currentTestCaseId#############\&amp;quot; + lastWord)</message>
  <nestedLevel>1</nestedLevel>
</record>
<record>
  <date>2019-08-08T16:32:27</date>
  <millis>1565262147850</millis>
  <sequence>32</sequence>
  <level>END</level>
  <class>com.kms.katalon.core.logging.XmlKeywordLogger</class>
  <method>endKeyword</method>
  <thread>1</thread>
  <message>End listener action : sampleBeforeTestCase</message>
  <nestedLevel>1</nestedLevel>
</record>
<record>
  <date>2019-08-08T16:32:28</date>
  <millis>1565262148044</millis>
  <sequence>33</sequence>
  <level>START</level>
  <class>com.kms.katalon.core.logging.XmlKeywordLogger</class>
  <method>startKeyword</method>
  <thread>1</thread>
  <message>Start action : runWithCucumberRunner(runner_OM_ExistingBuildings.EnergyEfficiencyBestManagementPractices)</message>
  <nestedLevel>1</nestedLevel>
  <property name="startLine">17</property>
  <property name="stepIndex">1</property>
</record>
<record>
  <date>2019-08-08T16:32:28</date>
  <millis>1565262148853</millis>
  <sequence>36</sequence>
  <level>START</level>
  <class>com.kms.katalon.core.logging.XmlKeywordLogger</class>
  <method>startTest</method>
  <thread>1</thread>
  <message>Start Test Case : Test Cases/TC_Login</message>
  <nestedLevel>2</nestedLevel>
  <property name="name">Test Cases/TC_Login</property>
  <property name="description"></property>
  <property name="id">Test Cases/TC_Login</property>
  <property name="source">H:\\USGBC_NewApproach1\\USGBC_LEED\\Test Cases\\TC_Login.tc</property>
  <property name="tag"></property>
  <property name="isOptional">false</property>
</record>
<record>
  <date>2019-08-08T16:32:28</date>
  <millis>1565262148880</millis>
  <sequence>38</sequence>
  <level>INFO</level>
  <class>com.kms.katalon.core.logging.XmlKeywordLogger</class>
  <method>logMessage</method>
  <thread>1</thread>
  <message>(Default) variable = </message>
  <nestedLevel>2</nestedLevel>
</record>
<record>
  <date>2019-08-08T16:32:29</date>
  <millis>1565262149057</millis>
  <sequence>39</sequence>
  <level>START</level>
  <class>com.kms.katalon.core.logging.XmlKeywordLogger</class>
  <method>startKeyword</method>
  <thread>1</thread>
  <message>Start action : runWithCucumberRunner(common.LoginRunner)</message>
  <nestedLevel>1</nestedLevel>
  <property name="startLine">18</property>
  <property name="stepIndex">1</property>
</record>
<record>
  <date>2019-08-08T16:32:29</date>
  <millis>1565262149419</millis>
  <sequence>41</sequence>
  <level>INFO</level>
  <class>com.kms.katalon.core.logging.XmlKeywordLogger</class>
  <method>logMessage</method>
  <thread>1</thread>
  <message>Starting &amp;apos;Chrome&amp;apos; driver</message>
  <nestedLevel>2</nestedLevel>
</record>
<record>
  <date>2019-08-08T16:32:29</date>
  <millis>1565262149447</millis>
  <sequence>42</sequence>
  <level>INFO</level>
  <class>com.kms.katalon.core.logging.XmlKeywordLogger</class>
  <method>logMessage</method>
  <thread>1</thread>
  <message>Action delay is set to 0 seconds</message>
  <nestedLevel>2</nestedLevel>
</record>
<record>
  <date>2019-08-08T16:32:32</date>
  <millis>1565262152662</millis>
  <sequence>44</sequence>
  <level>RUN_DATA</level>
  <class>com.kms.katalon.core.logging.XmlKeywordLogger</class>
  <method>logMessage</method>
  <thread>1</thread>
  <message>sessionId = 0ec2a0b7de5ac056dd557e93a0528c45</message>
  <nestedLevel>2</nestedLevel>
  <property name="sessionId">0ec2a0b7de5ac056dd557e93a0528c45</property>
</record>
<record>
  <date>2019-08-08T16:32:32</date>
  <millis>1565262152680</millis>
  <sequence>45</sequence>
  <level>RUN_DATA</level>
  <class>com.kms.katalon.core.logging.XmlKeywordLogger</class>
  <method>logMessage</method>
  <thread>1</thread>
  <message>browser = Chrome 75.0.3770.142</message>
  <nestedLevel>2</nestedLevel>
  <property name="browser">Chrome 75.0.3770.142</property>
</record>
<record>
  <date>2019-08-08T16:32:32</date>
  <millis>1565262152681</millis>
  <sequence>46</sequence>
  <level>RUN_DATA</level>
  <class>com.kms.katalon.core.logging.XmlKeywordLogger</class>
  <method>logMessage</method>
  <thread>1</thread>
  <message>platform = Windows 10</message>
  <nestedLevel>2</nestedLevel>
  <property name="platform">Windows 10</property>
</record>
<record>
  <date>2019-08-08T16:32:32</date>
  <millis>1565262152683</millis>
  <sequence>47</sequence>
  <level>RUN_DATA</level>
  <class>com.kms.katalon.core.logging.XmlKeywordLogger</class>
  <method>logMessage</method>
  <thread>1</thread>
  <message>seleniumVersion = 3.7.1</message>
  <nestedLevel>2</nestedLevel>
  <property name="seleniumVersion">3.7.1</property>
</record>
<record>
  <date>2019-08-08T16:32:32</date>
  <millis>1565262152684</millis>
  <sequence>48</sequence>
  <level>RUN_DATA</level>
  <class>com.kms.katalon.core.logging.XmlKeywordLogger</class>
  <method>logMessage</method>
  <thread>1</thread>
  <message>proxyInformation = ProxyInformation{proxyOption=NO_PROXY, proxyServerType=HTTP, password=, proxyServerAddress=, proxyServerPort=0}</message>
  <nestedLevel>2</nestedLevel>
  <property name="proxyInformation">ProxyInformation{proxyOption=NO_PROXY, proxyServerType=HTTP, password=, proxyServerAddress=, proxyServerPort=0}</property>
</record>
<record>
  <date>2019-08-08T16:32:32</date>
  <millis>1565262152684</millis>
  <sequence>49</sequence>
  <level>PASSED</level>
  <class>com.kms.katalon.core.logging.XmlKeywordLogger</class>
  <method>logMessage</method>
  <thread>1</thread>
  <message>Browser is opened with url: &amp;apos;&amp;apos;</message>
  <nestedLevel>2</nestedLevel>
</record>
<record>
  <date>2019-08-08T16:32:33</date>
  <millis>1565262153813</millis>
  <sequence>51</sequence>
  <level>PASSED</level>
  <class>com.kms.katalon.core.logging.XmlKeywordLogger</class>
  <method>logMessage</method>
  <thread>1</thread>
  <message>Current window maximized</message>
  <nestedLevel>2</nestedLevel>
</record>
<record>
  <date>2019-08-08T16:32:35</date>
  <millis>1565262155760</millis>
  <sequence>54</sequence>
  <level>PASSED</level>
  <class>com.kms.katalon.core.logging.XmlKeywordLogger</class>
  <method>logMessage</method>
  <thread>1</thread>
  <message>Navigate to &amp;apos;https://leedonline-stg.usgbc.org&amp;apos; successfully</message>
  <nestedLevel>2</nestedLevel>
</record>
<record>
  <date>2019-08-08T16:32:36</date>
  <millis>1565262156023</millis>
  <sequence>62</sequence>
  <level>PASSED</level>
  <class>com.kms.katalon.core.logging.XmlKeywordLogger</class>
  <method>logMessage</method>
  <thread>1</thread>
  <message>Text &amp;apos;automationbdd10@gmail.com&amp;apos; is set on object &amp;apos;&amp;apos;</message>
  <nestedLevel>2</nestedLevel>
</record>
<record>
  <date>2019-08-08T16:32:36</date>
  <millis>1565262156318</millis>
  <sequence>70</sequence>
  <level>PASSED</level>
  <class>com.kms.katalon.core.logging.XmlKeywordLogger</class>
  <method>logMessage</method>
  <thread>1</thread>
  <message>Text &amp;apos;initpass&amp;apos; is set on object &amp;apos;&amp;apos;</message>
  <nestedLevel>2</nestedLevel>
</record>
<record>
  <date>2019-08-08T16:32:39</date>
  <millis>1565262159327</millis>
  <sequence>72</sequence>
  <level>PASSED</level>
  <class>com.kms.katalon.core.logging.XmlKeywordLogger</class>
  <method>logMessage</method>
  <thread>1</thread>
  <message>Delayed 3 second(s)</message>
  <nestedLevel>2</nestedLevel>
</record>
<record>
  <date>2019-08-08T16:32:39</date>
  <millis>1565262159383</millis>
  <sequence>79</sequence>
  <level>PASSED</level>
  <class>com.kms.katalon.core.logging.XmlKeywordLogger</class>
  <method>logMessage</method>
  <thread>1</thread>
  <message>Scroll to object &amp;apos;&amp;apos; successfully</message>
  <nestedLevel>2</nestedLevel>
</record>
<record>
  <date>2019-08-08T16:32:39</date>
  <millis>1565262159463</millis>
  <sequence>85</sequence>
  <level>PASSED</level>
  <class>com.kms.katalon.core.logging.XmlKeywordLogger</class>
  <method>logMessage</method>
  <thread>1</thread>
  <message>Object &amp;apos;&amp;apos; is checked</message>
  <nestedLevel>2</nestedLevel>
</record>
<record>
  <date>2019-08-08T16:32:43</date>
  <millis>1565262163466</millis>
  <sequence>87</sequence>
  <level>PASSED</level>
  <class>com.kms.katalon.core.logging.XmlKeywordLogger</class>
  <method>logMessage</method>
  <thread>1</thread>
  <message>Delayed 4 second(s)</message>
  <nestedLevel>2</nestedLevel>
</record>
<record>
  <date>2019-08-08T16:32:43</date>
  <millis>1565262163675</millis>
  <sequence>93</sequence>
  <level>PASSED</level>
  <class>com.kms.katalon.core.logging.XmlKeywordLogger</class>
  <method>logMessage</method>
  <thread>1</thread>
  <message>The form containing object: &amp;apos;&amp;apos; is submitted</message>
  <nestedLevel>2</nestedLevel>
</record>
<record>
  <date>2019-08-08T16:32:48</date>
  <millis>1565262168677</millis>
  <sequence>95</sequence>
  <level>PASSED</level>
  <class>com.kms.katalon.core.logging.XmlKeywordLogger</class>
  <method>logMessage</method>
  <thread>1</thread>
  <message>Delayed 5 second(s)</message>
  <nestedLevel>2</nestedLevel>
</record>
<record>
  <date>2019-08-08T16:32:48</date>
  <millis>1565262168721</millis>
  <sequence>100</sequence>
  <level>PASSED</level>
  <class>com.kms.katalon.core.logging.XmlKeywordLogger</class>
  <method>logMessage</method>
  <thread>1</thread>
  <message>Object &amp;apos;&amp;apos; is present</message>
  <nestedLevel>2</nestedLevel>
</record>
<record>
  <date>2019-08-08T16:32:48</date>
  <millis>1565262168741</millis>
  <sequence>101</sequence>
  <level>PASSED</level>
  <class>com.kms.katalon.core.logging.XmlKeywordLogger</class>
  <method>logMessage</method>
  <thread>1</thread>
  <message>Run with &amp;apos;common.LoginRunner&amp;apos; was passed</message>
  <nestedLevel>2</nestedLevel>
</record>
<record>
  <date>2019-08-08T16:32:48</date>
  <millis>1565262168741</millis>
  <sequence>102</sequence>
  <level>END</level>
  <class>com.kms.katalon.core.logging.XmlKeywordLogger</class>
  <method>endKeyword</method>
  <thread>1</thread>
  <message>End action : runWithCucumberRunner(common.LoginRunner)</message>
  <nestedLevel>1</nestedLevel>
</record>
<record>
  <date>2019-08-08T16:32:48</date>
  <millis>1565262168742</millis>
  <sequence>103</sequence>
  <level>PASSED</level>
  <class>com.kms.katalon.core.logging.XmlKeywordLogger</class>
  <method>logMessage</method>
  <thread>1</thread>
  <message>Test Cases/TC_Login</message>
  <nestedLevel>2</nestedLevel>
</record>
<record>
  <date>2019-08-08T16:32:48</date>
  <millis>1565262168742</millis>
  <sequence>104</sequence>
  <level>END</level>
  <class>com.kms.katalon.core.logging.XmlKeywordLogger</class>
  <method>endTest</method>
  <thread>1</thread>
  <message>End Test Case : Test Cases/TC_Login</message>
  <nestedLevel>1</nestedLevel>
</record>
<record>
  <date>2019-08-08T16:32:48</date>
  <millis>1565262168746</millis>
  <sequence>105</sequence>
  <level>PASSED</level>
  <class>com.kms.katalon.core.logging.XmlKeywordLogger</class>
  <method>logMessage</method>
  <thread>1</thread>
  <message>Call Test Case &amp;apos;Test Cases/TC_Login&amp;apos; successfully</message>
  <nestedLevel>1</nestedLevel>
</record>
<record>
  <date>2019-08-08T16:32:49</date>
  <millis>1565262169733</millis>
  <sequence>111</sequence>
  <level>PASSED</level>
  <class>com.kms.katalon.core.logging.XmlKeywordLogger</class>
  <method>logMessage</method>
  <thread>1</thread>
  <message>Object: &amp;apos;&amp;apos; is clicked on</message>
  <nestedLevel>1</nestedLevel>
</record>
<record>
  <date>2019-08-08T16:32:49</date>
  <millis>1565262169895</millis>
  <sequence>112</sequence>
  <level>FAILED</level>
  <class>com.kms.katalon.core.logging.XmlKeywordLogger</class>
  <method>logMessage</method>
  <thread>1</thread>
  <message>These following reason:\n [Cannot invoke method log() on null object]</message>
  <nestedLevel>1</nestedLevel>
</record>
<record>
  <date>2019-08-08T16:32:49</date>
  <millis>1565262169905</millis>
  <sequence>114</sequence>
  <level>FAILED</level>
  <class>com.kms.katalon.core.logging.XmlKeywordLogger</class>
  <method>logMessage</method>
  <thread>1</thread>
  <message>Keyword runWithCucumberRunner was failed (Root cause: com.kms.katalon.core.exception.StepFailedException: These following reason:\n [Cannot invoke method log() on null object]\r\n\tat com.kms.katalon.core.keyword.internal.KeywordMain.stepFailed(KeywordMain.groovy:48)\r\n\tat com.kms.katalon.core.keyword.internal.KeywordMain.stepFailed(KeywordMain.groovy)\r\n\tat com.kms.katalon.core.keyword.internal.KeywordMain.stepFailed(KeywordMain.groovy:21)\r\n\tat com.kms.katalon.core.keyword.internal.KeywordMain$stepFailed$0.call(Unknown Source)\r\n\tat com.kms.katalon.core.cucumber.keyword.CucumberBuiltinKeywords$_runWithCucumberRunner_closure3.doCall(CucumberBuiltinKeywords.groovy:272)\r\n\tat com.kms.katalon.core.cucumber.keyword.CucumberBuiltinKeywords$_runWithCucumberRunner_closure3.doCall(CucumberBuiltinKeywords.groovy)\r\n\tat com.kms.katalon.core.keyword.internal.KeywordMain.runKeyword(KeywordMain.groovy:66)\r\n\tat com.kms.katalon.core.keyword.internal.KeywordMain$runKeyword.call(Unknown Source)\r\n\tat com.kms.katalon.core.cucumber.keyword.CucumberBuiltinKeywords.runWithCucumberRunner(CucumberBuiltinKeywords.groovy:257)\r\n\tat com.kms.katalon.core.cucumber.keyword.CucumberBuiltinKeywords$runWithCucumberRunner$0.callStatic(Unknown Source)\r\n\tat com.kms.katalon.core.cucumber.keyword.CucumberBuiltinKeywords.runWithCucumberRunner(CucumberBuiltinKeywords.groovy:357)\r\n\tat com.kms.katalon.core.cucumber.keyword.CucumberBuiltinKeywords$runWithCucumberRunner.call(Unknown Source)\r\n\tat TC_EnergyEfficiencyBestManagementPractices.run(TC_EnergyEfficiencyBestManagementPractices:17)\r\n\tat com.kms.katalon.core.main.ScriptEngine.run(ScriptEngine.java:194)\r\n\tat com.kms.katalon.core.main.ScriptEngine.runScriptAsRawText(ScriptEngine.java:119)\r\n\tat com.kms.katalon.core.main.TestCaseExecutor.runScript(TestCaseExecutor.java:336)\r\n\tat com.kms.katalon.core.main.TestCaseExecutor.doExecute(TestCaseExecutor.java:327)\r\n\tat com.kms.katalon.core.main.TestCaseExecutor.processExecutionPhase(TestCaseExecutor.java:306)\r\n\tat com.kms.katalon.core.main.TestCaseExecutor.accessMainPhase(TestCaseExecutor.java:298)\r\n\tat com.kms.katalon.core.main.TestCaseExecutor.execute(TestCaseExecutor.java:232)\r\n\tat com.kms.katalon.core.main.TestSuiteExecutor.accessTestCaseMainPhase(TestSuiteExecutor.java:129)\r\n\tat com.kms.katalon.core.main.TestSuiteExecutor.accessTestSuiteMainPhase(TestSuiteExecutor.java:112)\r\n\tat com.kms.katalon.core.main.TestSuiteExecutor.execute(TestSuiteExecutor.java:81)\r\n\tat com.kms.katalon.core.main.TestCaseMain.startTestSuite(TestCaseMain.java:157)\r\n\tat com.kms.katalon.core.main.TestCaseMain$startTestSuite$0.call(Unknown Source)\r\n\tat TempTestSuite1565262144381.run(TempTestSuite1565262144381.groovy:35)\r\n)</message>
  <nestedLevel>1</nestedLevel>
</record>
<record>
  <date>2019-08-08T16:32:49</date>
  <millis>1565262169907</millis>
  <sequence>115</sequence>
  <level>END</level>
  <class>com.kms.katalon.core.logging.XmlKeywordLogger</class>
  <method>endKeyword</method>
  <thread>1</thread>
  <message>End action : runWithCucumberRunner(runner_OM_ExistingBuildings.EnergyEfficiencyBestManagementPractices)</message>
  <nestedLevel>1</nestedLevel>
</record>
<record>
  <date>2019-08-08T16:32:49</date>
  <millis>1565262169907</millis>
  <sequence>117</sequence>
  <logger>com.kms.katalon.core.logging.XmlKeywordLogger</logger>
  <level>FAILED</level>
  <class>com.kms.katalon.core.logging.XmlKeywordLogger</class>
  <method>logMessage</method>
  <thread>1</thread>
  <message>Test Cases/OM_ExistingBuildings/TC_EnergyEfficiencyBestManagementPractices FAILED.\nReason:\ncom.kms.katalon.core.exception.StepFailedException: These following reason:\n [Cannot invoke method log() on null object]\r\n\tat com.kms.katalon.core.keyword.internal.KeywordMain.stepFailed(KeywordMain.groovy:48)\r\n\tat com.kms.katalon.core.keyword.internal.KeywordMain.stepFailed(KeywordMain.groovy)\r\n\tat com.kms.katalon.core.keyword.internal.KeywordMain.stepFailed(KeywordMain.groovy:21)\r\n\tat com.kms.katalon.core.keyword.internal.KeywordMain$stepFailed$0.call(Unknown Source)\r\n\tat com.kms.katalon.core.cucumber.keyword.CucumberBuiltinKeywords$_runWithCucumberRunner_closure3.doCall(CucumberBuiltinKeywords.groovy:272)\r\n\tat com.kms.katalon.core.cucumber.keyword.CucumberBuiltinKeywords$_runWithCucumberRunner_closure3.doCall(CucumberBuiltinKeywords.groovy)\r\n\tat com.kms.katalon.core.keyword.internal.KeywordMain.runKeyword(KeywordMain.groovy:66)\r\n\tat com.kms.katalon.core.keyword.internal.KeywordMain$runKeyword.call(Unknown Source)\r\n\tat com.kms.katalon.core.cucumber.keyword.CucumberBuiltinKeywords.runWithCucumberRunner(CucumberBuiltinKeywords.groovy:257)\r\n\tat com.kms.katalon.core.cucumber.keyword.CucumberBuiltinKeywords$runWithCucumberRunner$0.callStatic(Unknown Source)\r\n\tat com.kms.katalon.core.cucumber.keyword.CucumberBuiltinKeywords.runWithCucumberRunner(CucumberBuiltinKeywords.groovy:357)\r\n\tat com.kms.katalon.core.cucumber.keyword.CucumberBuiltinKeywords$runWithCucumberRunner.call(Unknown Source)\r\n\tat TC_EnergyEfficiencyBestManagementPractices.run(TC_EnergyEfficiencyBestManagementPractices:17)\r\n\tat com.kms.katalon.core.main.ScriptEngine.run(ScriptEngine.java:194)\r\n\tat com.kms.katalon.core.main.ScriptEngine.runScriptAsRawText(ScriptEngine.java:119)\r\n\tat com.kms.katalon.core.main.TestCaseExecutor.runScript(TestCaseExecutor.java:336)\r\n\tat com.kms.katalon.core.main.TestCaseExecutor.doExecute(TestCaseExecutor.java:327)\r\n\tat com.kms.katalon.core.main.TestCaseExecutor.processExecutionPhase(TestCaseExecutor.java:306)\r\n\tat com.kms.katalon.core.main.TestCaseExecutor.accessMainPhase(TestCaseExecutor.java:298)\r\n\tat com.kms.katalon.core.main.TestCaseExecutor.execute(TestCaseExecutor.java:232)\r\n\tat com.kms.katalon.core.main.TestSuiteExecutor.accessTestCaseMainPhase(TestSuiteExecutor.java:129)\r\n\tat com.kms.katalon.core.main.TestSuiteExecutor.accessTestSuiteMainPhase(TestSuiteExecutor.java:112)\r\n\tat com.kms.katalon.core.main.TestSuiteExecutor.execute(TestSuiteExecutor.java:81)\r\n\tat com.kms.katalon.core.main.TestCaseMain.startTestSuite(TestCaseMain.java:157)\r\n\tat com.kms.katalon.core.main.TestCaseMain$startTestSuite$0.call(Unknown Source)\r\n\tat TempTestSuite1565262144381.run(TempTestSuite1565262144381.groovy:35)\r\n</message>
  <exception>
    <message>com.kms.katalon.core.exception.StepFailedException: These following reason:
 [Cannot invoke method log() on null object]</message>
    <frame>
      <class>com.kms.katalon.core.keyword.internal.KeywordMain</class>
      <method>stepFailed</method>
      <line>48</line>
    </frame>
    <frame>
      <class>com.kms.katalon.core.keyword.internal.KeywordMain</class>
      <method>stepFailed</method>
    </frame>
    <frame>
      <class>com.kms.katalon.core.keyword.internal.KeywordMain</class>
      <method>stepFailed</method>
      <line>21</line>
    </frame>
    <frame>
      <class>com.kms.katalon.core.keyword.internal.KeywordMain$stepFailed$0</class>
      <method>call</method>
    </frame>
    <frame>
      <class>com.kms.katalon.core.cucumber.keyword.CucumberBuiltinKeywords$_runWithCucumberRunner_closure3</class>
      <method>doCall</method>
      <line>272</line>
    </frame>
    <frame>
      <class>com.kms.katalon.core.cucumber.keyword.CucumberBuiltinKeywords$_runWithCucumberRunner_closure3</class>
      <method>doCall</method>
    </frame>
    <frame>
      <class>com.kms.katalon.core.keyword.internal.KeywordMain</class>
      <method>runKeyword</method>
      <line>66</line>
    </frame>
    <frame>
      <class>com.kms.katalon.core.keyword.internal.KeywordMain$runKeyword</class>
      <method>call</method>
    </frame>
    <frame>
      <class>com.kms.katalon.core.cucumber.keyword.CucumberBuiltinKeywords</class>
      <method>runWithCucumberRunner</method>
      <line>257</line>
    </frame>
    <frame>
      <class>com.kms.katalon.core.cucumber.keyword.CucumberBuiltinKeywords$runWithCucumberRunner$0</class>
      <method>callStatic</method>
    </frame>
    <frame>
      <class>com.kms.katalon.core.cucumber.keyword.CucumberBuiltinKeywords</class>
      <method>runWithCucumberRunner</method>
      <line>357</line>
    </frame>
    <frame>
      <class>com.kms.katalon.core.cucumber.keyword.CucumberBuiltinKeywords$runWithCucumberRunner</class>
      <method>call</method>
    </frame>
    <frame>
      <class>TC_EnergyEfficiencyBestManagementPractices</class>
      <method>run</method>
      <line>17</line>
    </frame>
    <frame>
      <class>com.kms.katalon.core.main.ScriptEngine</class>
      <method>run</method>
      <line>194</line>
    </frame>
    <frame>
      <class>com.kms.katalon.core.main.ScriptEngine</class>
      <method>runScriptAsRawText</method>
      <line>119</line>
    </frame>
    <frame>
      <class>com.kms.katalon.core.main.TestCaseExecutor</class>
      <method>runScript</method>
      <line>336</line>
    </frame>
    <frame>
      <class>com.kms.katalon.core.main.TestCaseExecutor</class>
      <method>doExecute</method>
      <line>327</line>
    </frame>
    <frame>
      <class>com.kms.katalon.core.main.TestCaseExecutor</class>
      <method>processExecutionPhase</method>
      <line>306</line>
    </frame>
    <frame>
      <class>com.kms.katalon.core.main.TestCaseExecutor</class>
      <method>accessMainPhase</method>
      <line>298</line>
    </frame>
    <frame>
      <class>com.kms.katalon.core.main.TestCaseExecutor</class>
      <method>execute</method>
      <line>232</line>
    </frame>
    <frame>
      <class>com.kms.katalon.core.main.TestSuiteExecutor</class>
      <method>accessTestCaseMainPhase</method>
      <line>129</line>
    </frame>
    <frame>
      <class>com.kms.katalon.core.main.TestSuiteExecutor</class>
      <method>accessTestSuiteMainPhase</method>
      <line>112</line>
    </frame>
    <frame>
      <class>com.kms.katalon.core.main.TestSuiteExecutor</class>
      <method>execute</method>
      <line>81</line>
    </frame>
    <frame>
      <class>com.kms.katalon.core.main.TestCaseMain</class>
      <method>startTestSuite</method>
      <line>157</line>
    </frame>
    <frame>
      <class>com.kms.katalon.core.main.TestCaseMain$startTestSuite$0</class>
      <method>call</method>
    </frame>
    <frame>
      <class>TempTestSuite1565262144381</class>
      <method>run</method>
      <line>35</line>
    </frame>
  </exception>
  <nestedLevel>0</nestedLevel>
</record>
<record>
  <date>2019-08-08T16:32:49</date>
  <millis>1565262169909</millis>
  <sequence>118</sequence>
  <level>END</level>
  <class>com.kms.katalon.core.logging.XmlKeywordLogger</class>
  <method>endTest</method>
  <thread>1</thread>
  <message>End Test Case : Test Cases/OM_ExistingBuildings/TC_EnergyEfficiencyBestManagementPractices</message>
  <nestedLevel>0</nestedLevel>
</record>
<record>
  <date>2019-08-08T16:32:49</date>
  <millis>1565262169912</millis>
  <sequence>119</sequence>
  <level>START</level>
  <class>com.kms.katalon.core.logging.XmlKeywordLogger</class>
  <method>startKeyword</method>
  <thread>1</thread>
  <message>Start listener action : sampleAfterTestSuite</message>
  <nestedLevel>0</nestedLevel>
</record>
<record>
  <date>2019-08-08T16:32:49</date>
  <millis>1565262169912</millis>
  <sequence>121</sequence>
  <level>START</level>
  <class>com.kms.katalon.core.logging.XmlKeywordLogger</class>
  <method>startKeyword</method>
  <thread>1</thread>
  <message>Start action : extent.flush()</message>
  <nestedLevel>1</nestedLevel>
  <property name="startLine">58</property>
  <property name="stepIndex">1</property>
</record>
<record>
  <date>2019-08-08T16:32:50</date>
  <millis>1565262170607</millis>
  <sequence>123</sequence>
  <level>END</level>
  <class>com.kms.katalon.core.logging.XmlKeywordLogger</class>
  <method>endKeyword</method>
  <thread>1</thread>
  <message>End action : extent.flush()</message>
  <nestedLevel>1</nestedLevel>
</record>
<record>
  <date>2019-08-08T16:32:50</date>
  <millis>1565262170607</millis>
  <sequence>124</sequence>
  <level>END</level>
  <class>com.kms.katalon.core.logging.XmlKeywordLogger</class>
  <method>endKeyword</method>
  <thread>1</thread>
  <message>End listener action : sampleAfterTestSuite</message>
  <nestedLevel>0</nestedLevel>
</record>
<record>
  <date>2019-08-08T16:32:51</date>
  <millis>1565262171394</millis>
  <sequence>125</sequence>
  <level>END</level>
  <class>com.kms.katalon.core.logging.XmlKeywordLogger</class>
  <method>endSuite</method>
  <thread>1</thread>
  <message>End Test Suite : Test Suites/demo_EEBM</message>
  <nestedLevel>0</nestedLevel>
</record>
</log>
