<?xml version="1.0" encoding="UTF-8" standalone="no"?>
<!DOCTYPE log SYSTEM "logger.dtd">
<log>
<record>
  <date>2019-08-05T15:57:28</date>
  <millis>1565000848695</millis>
  <sequence>0</sequence>
  <level>START</level>
  <class>com.kms.katalon.core.logging.XmlKeywordLogger</class>
  <method>startSuite</method>
  <thread>1</thread>
  <message>Start Test Suite : Test Suites/demo_EEBM</message>
  <nestedLevel>0</nestedLevel>
  <property name="name">demo_EEBM</property>
  <property name="description"></property>
  <property name="id">Test Suites/demo_EEBM</property>
</record>
<record>
  <date>2019-08-05T15:57:28</date>
  <millis>1565000848724</millis>
  <sequence>1</sequence>
  <level>RUN_DATA</level>
  <class>com.kms.katalon.core.logging.XmlKeywordLogger</class>
  <method>logMessage</method>
  <thread>1</thread>
  <message>hostName = promantus inc - G10PROLT025</message>
  <nestedLevel>0</nestedLevel>
  <property name="hostName">promantus inc - G10PROLT025</property>
</record>
<record>
  <date>2019-08-05T15:57:28</date>
  <millis>1565000848726</millis>
  <sequence>2</sequence>
  <level>RUN_DATA</level>
  <class>com.kms.katalon.core.logging.XmlKeywordLogger</class>
  <method>logMessage</method>
  <thread>1</thread>
  <message>os = Windows 10 64bit</message>
  <nestedLevel>0</nestedLevel>
  <property name="os">Windows 10 64bit</property>
</record>
<record>
  <date>2019-08-05T15:57:28</date>
  <millis>1565000848726</millis>
  <sequence>3</sequence>
  <level>RUN_DATA</level>
  <class>com.kms.katalon.core.logging.XmlKeywordLogger</class>
  <method>logMessage</method>
  <thread>1</thread>
  <message>hostAddress = 192.168.232.1</message>
  <nestedLevel>0</nestedLevel>
  <property name="hostAddress">192.168.232.1</property>
</record>
<record>
  <date>2019-08-05T15:57:28</date>
  <millis>1565000848742</millis>
  <sequence>4</sequence>
  <level>RUN_DATA</level>
  <class>com.kms.katalon.core.logging.XmlKeywordLogger</class>
  <method>logMessage</method>
  <thread>1</thread>
  <message>katalonVersion = 6.1.3.3</message>
  <nestedLevel>0</nestedLevel>
  <property name="katalonVersion">6.1.3.3</property>
</record>
<record>
  <date>2019-08-05T15:57:29</date>
  <millis>1565000849378</millis>
  <sequence>5</sequence>
  <level>START</level>
  <class>com.kms.katalon.core.logging.XmlKeywordLogger</class>
  <method>startTest</method>
  <thread>1</thread>
  <message>Start Test Case : Test Cases/OM_ExistingBuildings/TC_EnergyEfficiencyBestManagementPractices</message>
  <nestedLevel>1</nestedLevel>
  <property name="name">Test Cases/OM_ExistingBuildings/TC_EnergyEfficiencyBestManagementPractices</property>
  <property name="description"></property>
  <property name="id">Test Cases/OM_ExistingBuildings/TC_EnergyEfficiencyBestManagementPractices</property>
  <property name="source">H:\\USGBC_NewApproach1\\USGBC_LEED\\Test Cases\\OM_ExistingBuildings\\TC_EnergyEfficiencyBestManagementPractices.tc</property>
  <property name="tag"></property>
  <property name="isOptional">false</property>
</record>
<record>
  <date>2019-08-05T15:57:29</date>
  <millis>1565000849523</millis>
  <sequence>7</sequence>
  <level>START</level>
  <class>com.kms.katalon.core.logging.XmlKeywordLogger</class>
  <method>startKeyword</method>
  <thread>1</thread>
  <message>Start listener action : sampleBeforeTestCase</message>
  <nestedLevel>1</nestedLevel>
</record>
<record>
  <date>2019-08-05T15:57:29</date>
  <millis>1565000849577</millis>
  <sequence>9</sequence>
  <level>START</level>
  <class>com.kms.katalon.core.logging.XmlKeywordLogger</class>
  <method>startKeyword</method>
  <thread>1</thread>
  <message>Start action : a = testCaseContext.getTestCaseId()</message>
  <nestedLevel>1</nestedLevel>
  <property name="startLine">30</property>
  <property name="stepIndex">1</property>
</record>
<record>
  <date>2019-08-05T15:57:29</date>
  <millis>1565000849707</millis>
  <sequence>10</sequence>
  <level>END</level>
  <class>com.kms.katalon.core.logging.XmlKeywordLogger</class>
  <method>endKeyword</method>
  <thread>1</thread>
  <message>End action : a = testCaseContext.getTestCaseId()</message>
  <nestedLevel>1</nestedLevel>
</record>
<record>
  <date>2019-08-05T15:57:29</date>
  <millis>1565000849708</millis>
  <sequence>11</sequence>
  <level>START</level>
  <class>com.kms.katalon.core.logging.XmlKeywordLogger</class>
  <method>startKeyword</method>
  <thread>1</thread>
  <message>Start action : lastWord = a.substring(a.lastIndexOf(\&amp;quot;/\&amp;quot;) + 1)</message>
  <nestedLevel>1</nestedLevel>
  <property name="startLine">32</property>
  <property name="stepIndex">2</property>
</record>
<record>
  <date>2019-08-05T15:57:29</date>
  <millis>1565000849725</millis>
  <sequence>12</sequence>
  <level>END</level>
  <class>com.kms.katalon.core.logging.XmlKeywordLogger</class>
  <method>endKeyword</method>
  <thread>1</thread>
  <message>End action : lastWord = a.substring(a.lastIndexOf(\&amp;quot;/\&amp;quot;) + 1)</message>
  <nestedLevel>1</nestedLevel>
</record>
<record>
  <date>2019-08-05T15:57:29</date>
  <millis>1565000849726</millis>
  <sequence>13</sequence>
  <level>START</level>
  <class>com.kms.katalon.core.logging.XmlKeywordLogger</class>
  <method>startKeyword</method>
  <thread>1</thread>
  <message>Start action : currentTestCaseId = lastWord</message>
  <nestedLevel>1</nestedLevel>
  <property name="startLine">33</property>
  <property name="stepIndex">3</property>
</record>
<record>
  <date>2019-08-05T15:57:30</date>
  <millis>1565000850192</millis>
  <sequence>14</sequence>
  <level>END</level>
  <class>com.kms.katalon.core.logging.XmlKeywordLogger</class>
  <method>endKeyword</method>
  <thread>1</thread>
  <message>End action : currentTestCaseId = lastWord</message>
  <nestedLevel>1</nestedLevel>
</record>
<record>
  <date>2019-08-05T15:57:30</date>
  <millis>1565000850192</millis>
  <sequence>15</sequence>
  <level>START</level>
  <class>com.kms.katalon.core.logging.XmlKeywordLogger</class>
  <method>startKeyword</method>
  <thread>1</thread>
  <message>Start action : println(\&amp;quot;GlobalVariable.currentTestCaseId#############\&amp;quot; + lastWord)</message>
  <nestedLevel>1</nestedLevel>
  <property name="startLine">34</property>
  <property name="stepIndex">4</property>
</record>
<record>
  <date>2019-08-05T15:57:30</date>
  <millis>1565000850196</millis>
  <sequence>17</sequence>
  <level>END</level>
  <class>com.kms.katalon.core.logging.XmlKeywordLogger</class>
  <method>endKeyword</method>
  <thread>1</thread>
  <message>End action : println(\&amp;quot;GlobalVariable.currentTestCaseId#############\&amp;quot; + lastWord)</message>
  <nestedLevel>1</nestedLevel>
</record>
<record>
  <date>2019-08-05T15:57:30</date>
  <millis>1565000850197</millis>
  <sequence>18</sequence>
  <level>END</level>
  <class>com.kms.katalon.core.logging.XmlKeywordLogger</class>
  <method>endKeyword</method>
  <thread>1</thread>
  <message>End listener action : sampleBeforeTestCase</message>
  <nestedLevel>1</nestedLevel>
</record>
<record>
  <date>2019-08-05T15:57:31</date>
  <millis>1565000851217</millis>
  <sequence>19</sequence>
  <level>START</level>
  <class>com.kms.katalon.core.logging.XmlKeywordLogger</class>
  <method>startKeyword</method>
  <thread>1</thread>
  <message>Start action : runWithCucumberRunner(runner_OM_ExistingBuildings.EnergyEfficiencyBestManagementPractices)</message>
  <nestedLevel>1</nestedLevel>
  <property name="startLine">17</property>
  <property name="stepIndex">1</property>
</record>
<record>
  <date>2019-08-05T15:57:33</date>
  <millis>1565000853106</millis>
  <sequence>22</sequence>
  <level>START</level>
  <class>com.kms.katalon.core.logging.XmlKeywordLogger</class>
  <method>startTest</method>
  <thread>1</thread>
  <message>Start Test Case : Test Cases/TC_Login</message>
  <nestedLevel>2</nestedLevel>
  <property name="name">Test Cases/TC_Login</property>
  <property name="description"></property>
  <property name="id">Test Cases/TC_Login</property>
  <property name="source">H:\\USGBC_NewApproach1\\USGBC_LEED\\Test Cases\\TC_Login.tc</property>
  <property name="tag"></property>
  <property name="isOptional">false</property>
</record>
<record>
  <date>2019-08-05T15:57:33</date>
  <millis>1565000853146</millis>
  <sequence>24</sequence>
  <level>INFO</level>
  <class>com.kms.katalon.core.logging.XmlKeywordLogger</class>
  <method>logMessage</method>
  <thread>1</thread>
  <message>(Default) variable = </message>
  <nestedLevel>2</nestedLevel>
</record>
<record>
  <date>2019-08-05T15:57:33</date>
  <millis>1565000853555</millis>
  <sequence>25</sequence>
  <level>START</level>
  <class>com.kms.katalon.core.logging.XmlKeywordLogger</class>
  <method>startKeyword</method>
  <thread>1</thread>
  <message>Start action : runWithCucumberRunner(common.LoginRunner)</message>
  <nestedLevel>1</nestedLevel>
  <property name="startLine">18</property>
  <property name="stepIndex">1</property>
</record>
<record>
  <date>2019-08-05T15:57:34</date>
  <millis>1565000854067</millis>
  <sequence>27</sequence>
  <level>INFO</level>
  <class>com.kms.katalon.core.logging.XmlKeywordLogger</class>
  <method>logMessage</method>
  <thread>1</thread>
  <message>Starting &amp;apos;Chrome (headless)&amp;apos; driver</message>
  <nestedLevel>2</nestedLevel>
</record>
<record>
  <date>2019-08-05T15:57:34</date>
  <millis>1565000854130</millis>
  <sequence>28</sequence>
  <level>INFO</level>
  <class>com.kms.katalon.core.logging.XmlKeywordLogger</class>
  <method>logMessage</method>
  <thread>1</thread>
  <message>Action delay is set to 0 seconds</message>
  <nestedLevel>2</nestedLevel>
</record>
<record>
  <date>2019-08-05T15:57:38</date>
  <millis>1565000858018</millis>
  <sequence>30</sequence>
  <level>RUN_DATA</level>
  <class>com.kms.katalon.core.logging.XmlKeywordLogger</class>
  <method>logMessage</method>
  <thread>1</thread>
  <message>sessionId = eb4ab4bbffd111f37419236a2224df6c</message>
  <nestedLevel>2</nestedLevel>
  <property name="sessionId">eb4ab4bbffd111f37419236a2224df6c</property>
</record>
<record>
  <date>2019-08-05T15:57:38</date>
  <millis>1565000858158</millis>
  <sequence>31</sequence>
  <level>RUN_DATA</level>
  <class>com.kms.katalon.core.logging.XmlKeywordLogger</class>
  <method>logMessage</method>
  <thread>1</thread>
  <message>browser = Chrome 75.0.3770.142</message>
  <nestedLevel>2</nestedLevel>
  <property name="browser">Chrome 75.0.3770.142</property>
</record>
<record>
  <date>2019-08-05T15:57:38</date>
  <millis>1565000858160</millis>
  <sequence>32</sequence>
  <level>RUN_DATA</level>
  <class>com.kms.katalon.core.logging.XmlKeywordLogger</class>
  <method>logMessage</method>
  <thread>1</thread>
  <message>platform = Windows 10</message>
  <nestedLevel>2</nestedLevel>
  <property name="platform">Windows 10</property>
</record>
<record>
  <date>2019-08-05T15:57:38</date>
  <millis>1565000858172</millis>
  <sequence>33</sequence>
  <level>RUN_DATA</level>
  <class>com.kms.katalon.core.logging.XmlKeywordLogger</class>
  <method>logMessage</method>
  <thread>1</thread>
  <message>seleniumVersion = 3.7.1</message>
  <nestedLevel>2</nestedLevel>
  <property name="seleniumVersion">3.7.1</property>
</record>
<record>
  <date>2019-08-05T15:57:38</date>
  <millis>1565000858178</millis>
  <sequence>34</sequence>
  <level>RUN_DATA</level>
  <class>com.kms.katalon.core.logging.XmlKeywordLogger</class>
  <method>logMessage</method>
  <thread>1</thread>
  <message>proxyInformation = ProxyInformation{proxyOption=NO_PROXY, proxyServerType=HTTP, password=, proxyServerAddress=, proxyServerPort=0}</message>
  <nestedLevel>2</nestedLevel>
  <property name="proxyInformation">ProxyInformation{proxyOption=NO_PROXY, proxyServerType=HTTP, password=, proxyServerAddress=, proxyServerPort=0}</property>
</record>
<record>
  <date>2019-08-05T15:57:38</date>
  <millis>1565000858179</millis>
  <sequence>35</sequence>
  <level>PASSED</level>
  <class>com.kms.katalon.core.logging.XmlKeywordLogger</class>
  <method>logMessage</method>
  <thread>1</thread>
  <message>Browser is opened with url: &amp;apos;&amp;apos;</message>
  <nestedLevel>2</nestedLevel>
</record>
<record>
  <date>2019-08-05T15:57:39</date>
  <millis>1565000859348</millis>
  <sequence>37</sequence>
  <level>PASSED</level>
  <class>com.kms.katalon.core.logging.XmlKeywordLogger</class>
  <method>logMessage</method>
  <thread>1</thread>
  <message>Current window maximized</message>
  <nestedLevel>2</nestedLevel>
</record>
<record>
  <date>2019-08-05T15:57:52</date>
  <millis>1565000872868</millis>
  <sequence>40</sequence>
  <level>PASSED</level>
  <class>com.kms.katalon.core.logging.XmlKeywordLogger</class>
  <method>logMessage</method>
  <thread>1</thread>
  <message>Navigate to &amp;apos;https://leedonline-stg.usgbc.org&amp;apos; successfully</message>
  <nestedLevel>2</nestedLevel>
</record>
<record>
  <date>2019-08-05T15:57:53</date>
  <millis>1565000873148</millis>
  <sequence>48</sequence>
  <level>PASSED</level>
  <class>com.kms.katalon.core.logging.XmlKeywordLogger</class>
  <method>logMessage</method>
  <thread>1</thread>
  <message>Text &amp;apos;automationbdd10@gmail.com&amp;apos; is set on object &amp;apos;&amp;apos;</message>
  <nestedLevel>2</nestedLevel>
</record>
<record>
  <date>2019-08-05T15:57:53</date>
  <millis>1565000873469</millis>
  <sequence>56</sequence>
  <level>PASSED</level>
  <class>com.kms.katalon.core.logging.XmlKeywordLogger</class>
  <method>logMessage</method>
  <thread>1</thread>
  <message>Text &amp;apos;initpass&amp;apos; is set on object &amp;apos;&amp;apos;</message>
  <nestedLevel>2</nestedLevel>
</record>
<record>
  <date>2019-08-05T15:57:56</date>
  <millis>1565000876477</millis>
  <sequence>58</sequence>
  <level>PASSED</level>
  <class>com.kms.katalon.core.logging.XmlKeywordLogger</class>
  <method>logMessage</method>
  <thread>1</thread>
  <message>Delayed 3 second(s)</message>
  <nestedLevel>2</nestedLevel>
</record>
<record>
  <date>2019-08-05T15:57:56</date>
  <millis>1565000876649</millis>
  <sequence>65</sequence>
  <level>PASSED</level>
  <class>com.kms.katalon.core.logging.XmlKeywordLogger</class>
  <method>logMessage</method>
  <thread>1</thread>
  <message>Scroll to object &amp;apos;&amp;apos; successfully</message>
  <nestedLevel>2</nestedLevel>
</record>
<record>
  <date>2019-08-05T15:57:56</date>
  <millis>1565000876784</millis>
  <sequence>71</sequence>
  <level>PASSED</level>
  <class>com.kms.katalon.core.logging.XmlKeywordLogger</class>
  <method>logMessage</method>
  <thread>1</thread>
  <message>Object &amp;apos;&amp;apos; is checked</message>
  <nestedLevel>2</nestedLevel>
</record>
<record>
  <date>2019-08-05T15:58:00</date>
  <millis>1565000880787</millis>
  <sequence>73</sequence>
  <level>PASSED</level>
  <class>com.kms.katalon.core.logging.XmlKeywordLogger</class>
  <method>logMessage</method>
  <thread>1</thread>
  <message>Delayed 4 second(s)</message>
  <nestedLevel>2</nestedLevel>
</record>
<record>
  <date>2019-08-05T15:58:00</date>
  <millis>1565000880917</millis>
  <sequence>79</sequence>
  <level>PASSED</level>
  <class>com.kms.katalon.core.logging.XmlKeywordLogger</class>
  <method>logMessage</method>
  <thread>1</thread>
  <message>The form containing object: &amp;apos;&amp;apos; is submitted</message>
  <nestedLevel>2</nestedLevel>
</record>
<record>
  <date>2019-08-05T15:58:00</date>
  <millis>1565000880973</millis>
  <sequence>80</sequence>
  <level>PASSED</level>
  <class>com.kms.katalon.core.logging.XmlKeywordLogger</class>
  <method>logMessage</method>
  <thread>1</thread>
  <message>Run with &amp;apos;common.LoginRunner&amp;apos; was passed</message>
  <nestedLevel>2</nestedLevel>
</record>
<record>
  <date>2019-08-05T15:58:00</date>
  <millis>1565000880974</millis>
  <sequence>81</sequence>
  <level>END</level>
  <class>com.kms.katalon.core.logging.XmlKeywordLogger</class>
  <method>endKeyword</method>
  <thread>1</thread>
  <message>End action : runWithCucumberRunner(common.LoginRunner)</message>
  <nestedLevel>1</nestedLevel>
</record>
<record>
  <date>2019-08-05T15:58:00</date>
  <millis>1565000880974</millis>
  <sequence>82</sequence>
  <level>PASSED</level>
  <class>com.kms.katalon.core.logging.XmlKeywordLogger</class>
  <method>logMessage</method>
  <thread>1</thread>
  <message>Test Cases/TC_Login</message>
  <nestedLevel>2</nestedLevel>
</record>
<record>
  <date>2019-08-05T15:58:00</date>
  <millis>1565000880977</millis>
  <sequence>83</sequence>
  <level>END</level>
  <class>com.kms.katalon.core.logging.XmlKeywordLogger</class>
  <method>endTest</method>
  <thread>1</thread>
  <message>End Test Case : Test Cases/TC_Login</message>
  <nestedLevel>1</nestedLevel>
</record>
<record>
  <date>2019-08-05T15:58:00</date>
  <millis>1565000880985</millis>
  <sequence>84</sequence>
  <level>PASSED</level>
  <class>com.kms.katalon.core.logging.XmlKeywordLogger</class>
  <method>logMessage</method>
  <thread>1</thread>
  <message>Call Test Case &amp;apos;Test Cases/TC_Login&amp;apos; successfully</message>
  <nestedLevel>1</nestedLevel>
</record>
<record>
  <date>2019-08-05T15:58:32</date>
  <millis>1565000912692</millis>
  <sequence>88</sequence>
  <level>INFO</level>
  <class>com.kms.katalon.core.logging.XmlKeywordLogger</class>
  <method>logMessage</method>
  <thread>1</thread>
  <message>Unable to find the element located by &amp;apos;By.xpath: //a[normalize-space()=&amp;apos;BDD10 TestProject&amp;apos;]&amp;apos;. Please recheck the objects properties to make sure the desired element is located. </message>
  <nestedLevel>1</nestedLevel>
</record>
<record>
  <date>2019-08-05T15:58:33</date>
  <millis>1565000913002</millis>
  <sequence>91</sequence>
  <level>FAILED</level>
  <class>com.kms.katalon.core.logging.XmlKeywordLogger</class>
  <method>logMessage</method>
  <thread>1</thread>
  <message>Unable to click on object &amp;apos;&amp;apos; (Root cause: com.kms.katalon.core.exception.StepFailedException: Unable to click on object &amp;apos;&amp;apos;\r\n\tat com.kms.katalon.core.webui.keyword.internal.WebUIKeywordMain.stepFailed(WebUIKeywordMain.groovy:64)\r\n\tat com.kms.katalon.core.webui.keyword.internal.WebUIKeywordMain.runKeyword(WebUIKeywordMain.groovy:26)\r\n\tat com.kms.katalon.core.webui.keyword.builtin.ClickKeyword.click(ClickKeyword.groovy:86)\r\n\tat com.kms.katalon.core.webui.keyword.builtin.ClickKeyword.execute(ClickKeyword.groovy:67)\r\n\tat com.kms.katalon.core.keyword.internal.KeywordExecutor.executeKeywordForPlatform(KeywordExecutor.groovy:56)\r\n\tat com.kms.katalon.core.webui.keyword.WebUiBuiltInKeywords.click(WebUiBuiltInKeywords.groovy:616)\r\n\tat com.kms.katalon.core.webui.keyword.WebUiBuiltInKeywords$click$6.call(Unknown Source)\r\n\tat Common_StepDef.user_clicks_on_Project(Common_StepDef.groovy:75)\r\n\tat cucumber.runtime.Utils$1.call(Utils.java:26)\r\n\tat cucumber.runtime.Timeout.timeout(Timeout.java:16)\r\n\tat cucumber.runtime.Utils.invoke(Utils.java:20)\r\n\tat cucumber.runtime.java.JavaStepDefinition.execute(JavaStepDefinition.java:48)\r\n\tat cucumber.runtime.PickleStepDefinitionMatch.runStep(PickleStepDefinitionMatch.java:50)\r\n\tat cucumber.runner.TestStep.executeStep(TestStep.java:55)\r\n\tat cucumber.runner.TestStep.run(TestStep.java:42)\r\n\tat cucumber.runner.PickleStepTestStep.run(PickleStepTestStep.java:53)\r\n\tat cucumber.runner.TestCase.run(TestCase.java:47)\r\n\tat cucumber.runner.Runner.runPickle(Runner.java:44)\r\n\tat cucumber.runtime.junit.PickleRunners$NoStepDescriptions.run(PickleRunners.java:140)\r\n\tat cucumber.runtime.junit.FeatureRunner.runChild(FeatureRunner.java:68)\r\n\tat cucumber.runtime.junit.FeatureRunner.runChild(FeatureRunner.java:23)\r\n\tat org.junit.runners.ParentRunner$3.run(ParentRunner.java:290)\r\n\tat org.junit.runners.ParentRunner$1.schedule(ParentRunner.java:71)\r\n\tat org.junit.runners.ParentRunner.runChildren(ParentRunner.java:288)\r\n\tat org.junit.runners.ParentRunner.access$000(ParentRunner.java:58)\r\n\tat org.junit.runners.ParentRunner$2.evaluate(ParentRunner.java:268)\r\n\tat org.junit.runners.ParentRunner.run(ParentRunner.java:363)\r\n\tat cucumber.runtime.junit.FeatureRunner.run(FeatureRunner.java:73)\r\n\tat cucumber.api.junit.Cucumber.runChild(Cucumber.java:98)\r\n\tat cucumber.api.junit.Cucumber.runChild(Cucumber.java:55)\r\n\tat org.junit.runners.ParentRunner$3.run(ParentRunner.java:290)\r\n\tat org.junit.runners.ParentRunner$1.schedule(ParentRunner.java:71)\r\n\tat org.junit.runners.ParentRunner.runChildren(ParentRunner.java:288)\r\n\tat org.junit.runners.ParentRunner.access$000(ParentRunner.java:58)\r\n\tat org.junit.runners.ParentRunner$2.evaluate(ParentRunner.java:268)\r\n\tat cucumber.api.junit.Cucumber$1.evaluate(Cucumber.java:107)\r\n\tat org.junit.runners.ParentRunner.run(ParentRunner.java:363)\r\n\tat org.junit.runners.Suite.runChild(Suite.java:128)\r\n\tat org.junit.runners.Suite.runChild(Suite.java:27)\r\n\tat org.junit.runners.ParentRunner$3.run(ParentRunner.java:290)\r\n\tat org.junit.runners.ParentRunner$1.schedule(ParentRunner.java:71)\r\n\tat org.junit.runners.ParentRunner.runChildren(ParentRunner.java:288)\r\n\tat org.junit.runners.ParentRunner.access$000(ParentRunner.java:58)\r\n\tat org.junit.runners.ParentRunner$2.evaluate(ParentRunner.java:268)\r\n\tat org.junit.runners.ParentRunner.run(ParentRunner.java:363)\r\n\tat org.junit.runner.JUnitCore.run(JUnitCore.java:137)\r\n\tat org.junit.runner.JUnitCore.run(JUnitCore.java:115)\r\n\tat org.junit.runner.JUnitCore.run(JUnitCore.java:105)\r\n\tat com.kms.katalon.core.cucumber.keyword.CucumberBuiltinKeywords$_runWithCucumberRunner_closure3.doCall(CucumberBuiltinKeywords.groovy:260)\r\n\tat com.kms.katalon.core.cucumber.keyword.CucumberBuiltinKeywords$_runWithCucumberRunner_closure3.doCall(CucumberBuiltinKeywords.groovy)\r\n\tat com.kms.katalon.core.keyword.internal.KeywordMain.runKeyword(KeywordMain.groovy:66)\r\n\tat com.kms.katalon.core.keyword.internal.KeywordMain$runKeyword.call(Unknown Source)\r\n\tat com.kms.katalon.core.cucumber.keyword.CucumberBuiltinKeywords.runWithCucumberRunner(CucumberBuiltinKeywords.groovy:257)\r\n\tat com.kms.katalon.core.cucumber.keyword.CucumberBuiltinKeywords$runWithCucumberRunner$0.callStatic(Unknown Source)\r\n\tat com.kms.katalon.core.cucumber.keyword.CucumberBuiltinKeywords.runWithCucumberRunner(CucumberBuiltinKeywords.groovy:357)\r\n\tat com.kms.katalon.core.cucumber.keyword.CucumberBuiltinKeywords$runWithCucumberRunner.call(Unknown Source)\r\n\tat TC_EnergyEfficiencyBestManagementPractices.run(TC_EnergyEfficiencyBestManagementPractices:17)\r\n\tat com.kms.katalon.core.main.ScriptEngine.run(ScriptEngine.java:194)\r\n\tat com.kms.katalon.core.main.ScriptEngine.runScriptAsRawText(ScriptEngine.java:119)\r\n\tat com.kms.katalon.core.main.TestCaseExecutor.runScript(TestCaseExecutor.java:336)\r\n\tat com.kms.katalon.core.main.TestCaseExecutor.doExecute(TestCaseExecutor.java:327)\r\n\tat com.kms.katalon.core.main.TestCaseExecutor.processExecutionPhase(TestCaseExecutor.java:306)\r\n\tat com.kms.katalon.core.main.TestCaseExecutor.accessMainPhase(TestCaseExecutor.java:298)\r\n\tat com.kms.katalon.core.main.TestCaseExecutor.execute(TestCaseExecutor.java:232)\r\n\tat com.kms.katalon.core.main.TestSuiteExecutor.accessTestCaseMainPhase(TestSuiteExecutor.java:129)\r\n\tat com.kms.katalon.core.main.TestSuiteExecutor.accessTestSuiteMainPhase(TestSuiteExecutor.java:112)\r\n\tat com.kms.katalon.core.main.TestSuiteExecutor.execute(TestSuiteExecutor.java:81)\r\n\tat com.kms.katalon.core.main.TestCaseMain.startTestSuite(TestCaseMain.java:157)\r\n\tat com.kms.katalon.core.main.TestCaseMain$startTestSuite$0.call(Unknown Source)\r\n\tat TempTestSuite1565000845185.run(TempTestSuite1565000845185.groovy:35)\r\nCaused by: com.kms.katalon.core.webui.exception.WebElementNotFoundException: Web element with id: &amp;apos;&amp;apos; located by &amp;apos;By.xpath: //a[normalize-space()=&amp;apos;BDD10 TestProject&amp;apos;]&amp;apos; not found\r\n\tat com.kms.katalon.core.webui.common.WebUiCommonHelper.findWebElement(WebUiCommonHelper.java:1097)\r\n\tat com.kms.katalon.core.webui.keyword.internal.WebUIAbstractKeyword.findWebElement(WebUIAbstractKeyword.groovy:27)\r\n\tat com.kms.katalon.core.webui.keyword.internal.WebUIAbstractKeyword.findWebElement(WebUIAbstractKeyword.groovy:26)\r\n\tat com.kms.katalon.core.webui.keyword.builtin.ClickKeyword$_click_closure1.doCall(ClickKeyword.groovy:77)\r\n\tat com.kms.katalon.core.webui.keyword.builtin.ClickKeyword$_click_closure1.call(ClickKeyword.groovy)\r\n\tat com.kms.katalon.core.webui.keyword.internal.WebUIKeywordMain.runKeyword(WebUIKeywordMain.groovy:20)\r\n\tat com.kms.katalon.core.webui.keyword.builtin.ClickKeyword.click(ClickKeyword.groovy:86)\r\n\tat com.kms.katalon.core.webui.keyword.builtin.ClickKeyword.execute(ClickKeyword.groovy:67)\r\n\tat com.kms.katalon.core.keyword.internal.KeywordExecutor.executeKeywordForPlatform(KeywordExecutor.groovy:56)\r\n\tat com.kms.katalon.core.webui.keyword.WebUiBuiltInKeywords.click(WebUiBuiltInKeywords.groovy:616)\r\n\tat com.kms.katalon.core.webui.keyword.WebUiBuiltInKeywords$click$6.call(Unknown Source)\r\n\tat Common_StepDef.user_clicks_on_Project(Common_StepDef.groovy:75)\r\n\tat cucumber.runtime.Utils$1.call(Utils.java:26)\r\n\tat cucumber.runtime.Timeout.timeout(Timeout.java:16)\r\n\tat cucumber.runtime.Utils.invoke(Utils.java:20)\r\n\tat cucumber.runtime.java.JavaStepDefinition.execute(JavaStepDefinition.java:48)\r\n\tat cucumber.runtime.PickleStepDefinitionMatch.runStep(PickleStepDefinitionMatch.java:50)\r\n\tat cucumber.runner.TestStep.executeStep(TestStep.java:55)\r\n\tat cucumber.runner.TestStep.run(TestStep.java:42)\r\n\tat cucumber.runner.PickleStepTestStep.run(PickleStepTestStep.java:53)\r\n\tat cucumber.runner.TestCase.run(TestCase.java:47)\r\n\tat cucumber.runner.Runner.runPickle(Runner.java:44)\r\n\tat cucumber.runtime.junit.PickleRunners$NoStepDescriptions.run(PickleRunners.java:140)\r\n\tat cucumber.runtime.junit.FeatureRunner.runChild(FeatureRunner.java:68)\r\n\tat cucumber.runtime.junit.FeatureRunner.runChild(FeatureRunner.java:23)\r\n\tat org.junit.runners.ParentRunner$3.run(ParentRunner.java:290)\r\n\tat org.junit.runners.ParentRunner$1.schedule(ParentRunner.java:71)\r\n\tat org.junit.runners.ParentRunner.runChildren(ParentRunner.java:288)\r\n\tat org.junit.runners.ParentRunner.access$000(ParentRunner.java:58)\r\n\tat org.junit.runners.ParentRunner$2.evaluate(ParentRunner.java:268)\r\n\tat org.junit.runners.ParentRunner.run(ParentRunner.java:363)\r\n\tat cucumber.runtime.junit.FeatureRunner.run(FeatureRunner.java:73)\r\n\tat cucumber.api.junit.Cucumber.runChild(Cucumber.java:98)\r\n\tat cucumber.api.junit.Cucumber.runChild(Cucumber.java:55)\r\n\tat org.junit.runners.ParentRunner$3.run(ParentRunner.java:290)\r\n\tat org.junit.runners.ParentRunner$1.schedule(ParentRunner.java:71)\r\n\tat org.junit.runners.ParentRunner.runChildren(ParentRunner.java:288)\r\n\tat org.junit.runners.ParentRunner.access$000(ParentRunner.java:58)\r\n\tat org.junit.runners.ParentRunner$2.evaluate(ParentRunner.java:268)\r\n\tat cucumber.api.junit.Cucumber$1.evaluate(Cucumber.java:107)\r\n\tat org.junit.runners.ParentRunner.run(ParentRunner.java:363)\r\n\tat org.junit.runners.Suite.runChild(Suite.java:128)\r\n\tat org.junit.runners.Suite.runChild(Suite.java:27)\r\n\tat org.junit.runners.ParentRunner$3.run(ParentRunner.java:290)\r\n\tat org.junit.runners.ParentRunner$1.schedule(ParentRunner.java:71)\r\n\tat org.junit.runners.ParentRunner.runChildren(ParentRunner.java:288)\r\n\tat org.junit.runners.ParentRunner.access$000(ParentRunner.java:58)\r\n\tat org.junit.runners.ParentRunner$2.evaluate(ParentRunner.java:268)\r\n\tat org.junit.runners.ParentRunner.run(ParentRunner.java:363)\r\n\tat org.junit.runner.JUnitCore.run(JUnitCore.java:137)\r\n\tat org.junit.runner.JUnitCore.run(JUnitCore.java:115)\r\n\tat org.junit.runner.JUnitCore.run(JUnitCore.java:105)\r\n\tat com.kms.katalon.core.cucumber.keyword.CucumberBuiltinKeywords$_runWithCucumberRunner_closure3.doCall(CucumberBuiltinKeywords.groovy:260)\r\n\tat com.kms.katalon.core.cucumber.keyword.CucumberBuiltinKeywords$_runWithCucumberRunner_closure3.doCall(CucumberBuiltinKeywords.groovy)\r\n\tat com.kms.katalon.core.keyword.internal.KeywordMain.runKeyword(KeywordMain.groovy:66)\r\n\tat com.kms.katalon.core.keyword.internal.KeywordMain$runKeyword.call(Unknown Source)\r\n\tat com.kms.katalon.core.cucumber.keyword.CucumberBuiltinKeywords.runWithCucumberRunner(CucumberBuiltinKeywords.groovy:257)\r\n\tat com.kms.katalon.core.cucumber.keyword.CucumberBuiltinKeywords$runWithCucumberRunner$0.callStatic(Unknown Source)\r\n\tat com.kms.katalon.core.cucumber.keyword.CucumberBuiltinKeywords.runWithCucumberRunner(CucumberBuiltinKeywords.groovy:357)\r\n\tat com.kms.katalon.core.cucumber.keyword.CucumberBuiltinKeywords$runWithCucumberRunner.call(Unknown Source)\r\n\tat Script1563357581198.run(Script1563357581198.groovy:17)\r\n\t... 13 more\r\n)</message>
  <nestedLevel>1</nestedLevel>
  <property name="attachment">1565000912697.png</property>
</record>
<record>
  <date>2019-08-05T15:58:33</date>
  <millis>1565000913350</millis>
  <sequence>92</sequence>
  <level>FAILED</level>
  <class>com.kms.katalon.core.logging.XmlKeywordLogger</class>
  <method>logMessage</method>
  <thread>1</thread>
  <message>These following reason:\n [Unable to click on object &amp;apos;&amp;apos;]</message>
  <nestedLevel>1</nestedLevel>
</record>
<record>
  <date>2019-08-05T15:58:33</date>
  <millis>1565000913352</millis>
  <sequence>94</sequence>
  <level>FAILED</level>
  <class>com.kms.katalon.core.logging.XmlKeywordLogger</class>
  <method>logMessage</method>
  <thread>1</thread>
  <message>Keyword runWithCucumberRunner was failed (Root cause: com.kms.katalon.core.exception.StepFailedException: These following reason:\n [Unable to click on object &amp;apos;&amp;apos;]\r\n\tat com.kms.katalon.core.keyword.internal.KeywordMain.stepFailed(KeywordMain.groovy:48)\r\n\tat com.kms.katalon.core.keyword.internal.KeywordMain.stepFailed(KeywordMain.groovy)\r\n\tat com.kms.katalon.core.keyword.internal.KeywordMain.stepFailed(KeywordMain.groovy:21)\r\n\tat com.kms.katalon.core.keyword.internal.KeywordMain$stepFailed$0.call(Unknown Source)\r\n\tat com.kms.katalon.core.cucumber.keyword.CucumberBuiltinKeywords$_runWithCucumberRunner_closure3.doCall(CucumberBuiltinKeywords.groovy:272)\r\n\tat com.kms.katalon.core.cucumber.keyword.CucumberBuiltinKeywords$_runWithCucumberRunner_closure3.doCall(CucumberBuiltinKeywords.groovy)\r\n\tat com.kms.katalon.core.keyword.internal.KeywordMain.runKeyword(KeywordMain.groovy:66)\r\n\tat com.kms.katalon.core.keyword.internal.KeywordMain$runKeyword.call(Unknown Source)\r\n\tat com.kms.katalon.core.cucumber.keyword.CucumberBuiltinKeywords.runWithCucumberRunner(CucumberBuiltinKeywords.groovy:257)\r\n\tat com.kms.katalon.core.cucumber.keyword.CucumberBuiltinKeywords$runWithCucumberRunner$0.callStatic(Unknown Source)\r\n\tat com.kms.katalon.core.cucumber.keyword.CucumberBuiltinKeywords.runWithCucumberRunner(CucumberBuiltinKeywords.groovy:357)\r\n\tat com.kms.katalon.core.cucumber.keyword.CucumberBuiltinKeywords$runWithCucumberRunner.call(Unknown Source)\r\n\tat TC_EnergyEfficiencyBestManagementPractices.run(TC_EnergyEfficiencyBestManagementPractices:17)\r\n\tat com.kms.katalon.core.main.ScriptEngine.run(ScriptEngine.java:194)\r\n\tat com.kms.katalon.core.main.ScriptEngine.runScriptAsRawText(ScriptEngine.java:119)\r\n\tat com.kms.katalon.core.main.TestCaseExecutor.runScript(TestCaseExecutor.java:336)\r\n\tat com.kms.katalon.core.main.TestCaseExecutor.doExecute(TestCaseExecutor.java:327)\r\n\tat com.kms.katalon.core.main.TestCaseExecutor.processExecutionPhase(TestCaseExecutor.java:306)\r\n\tat com.kms.katalon.core.main.TestCaseExecutor.accessMainPhase(TestCaseExecutor.java:298)\r\n\tat com.kms.katalon.core.main.TestCaseExecutor.execute(TestCaseExecutor.java:232)\r\n\tat com.kms.katalon.core.main.TestSuiteExecutor.accessTestCaseMainPhase(TestSuiteExecutor.java:129)\r\n\tat com.kms.katalon.core.main.TestSuiteExecutor.accessTestSuiteMainPhase(TestSuiteExecutor.java:112)\r\n\tat com.kms.katalon.core.main.TestSuiteExecutor.execute(TestSuiteExecutor.java:81)\r\n\tat com.kms.katalon.core.main.TestCaseMain.startTestSuite(TestCaseMain.java:157)\r\n\tat com.kms.katalon.core.main.TestCaseMain$startTestSuite$0.call(Unknown Source)\r\n\tat TempTestSuite1565000845185.run(TempTestSuite1565000845185.groovy:35)\r\n)</message>
  <nestedLevel>1</nestedLevel>
</record>
<record>
  <date>2019-08-05T15:58:33</date>
  <millis>1565000913355</millis>
  <sequence>95</sequence>
  <level>END</level>
  <class>com.kms.katalon.core.logging.XmlKeywordLogger</class>
  <method>endKeyword</method>
  <thread>1</thread>
  <message>End action : runWithCucumberRunner(runner_OM_ExistingBuildings.EnergyEfficiencyBestManagementPractices)</message>
  <nestedLevel>1</nestedLevel>
</record>
<record>
  <date>2019-08-05T15:58:33</date>
  <millis>1565000913357</millis>
  <sequence>97</sequence>
  <logger>com.kms.katalon.core.logging.XmlKeywordLogger</logger>
  <level>FAILED</level>
  <class>com.kms.katalon.core.logging.XmlKeywordLogger</class>
  <method>logMessage</method>
  <thread>1</thread>
  <message>Test Cases/OM_ExistingBuildings/TC_EnergyEfficiencyBestManagementPractices FAILED.\nReason:\ncom.kms.katalon.core.exception.StepFailedException: These following reason:\n [Unable to click on object &amp;apos;&amp;apos;]\r\n\tat com.kms.katalon.core.keyword.internal.KeywordMain.stepFailed(KeywordMain.groovy:48)\r\n\tat com.kms.katalon.core.keyword.internal.KeywordMain.stepFailed(KeywordMain.groovy)\r\n\tat com.kms.katalon.core.keyword.internal.KeywordMain.stepFailed(KeywordMain.groovy:21)\r\n\tat com.kms.katalon.core.keyword.internal.KeywordMain$stepFailed$0.call(Unknown Source)\r\n\tat com.kms.katalon.core.cucumber.keyword.CucumberBuiltinKeywords$_runWithCucumberRunner_closure3.doCall(CucumberBuiltinKeywords.groovy:272)\r\n\tat com.kms.katalon.core.cucumber.keyword.CucumberBuiltinKeywords$_runWithCucumberRunner_closure3.doCall(CucumberBuiltinKeywords.groovy)\r\n\tat com.kms.katalon.core.keyword.internal.KeywordMain.runKeyword(KeywordMain.groovy:66)\r\n\tat com.kms.katalon.core.keyword.internal.KeywordMain$runKeyword.call(Unknown Source)\r\n\tat com.kms.katalon.core.cucumber.keyword.CucumberBuiltinKeywords.runWithCucumberRunner(CucumberBuiltinKeywords.groovy:257)\r\n\tat com.kms.katalon.core.cucumber.keyword.CucumberBuiltinKeywords$runWithCucumberRunner$0.callStatic(Unknown Source)\r\n\tat com.kms.katalon.core.cucumber.keyword.CucumberBuiltinKeywords.runWithCucumberRunner(CucumberBuiltinKeywords.groovy:357)\r\n\tat com.kms.katalon.core.cucumber.keyword.CucumberBuiltinKeywords$runWithCucumberRunner.call(Unknown Source)\r\n\tat TC_EnergyEfficiencyBestManagementPractices.run(TC_EnergyEfficiencyBestManagementPractices:17)\r\n\tat com.kms.katalon.core.main.ScriptEngine.run(ScriptEngine.java:194)\r\n\tat com.kms.katalon.core.main.ScriptEngine.runScriptAsRawText(ScriptEngine.java:119)\r\n\tat com.kms.katalon.core.main.TestCaseExecutor.runScript(TestCaseExecutor.java:336)\r\n\tat com.kms.katalon.core.main.TestCaseExecutor.doExecute(TestCaseExecutor.java:327)\r\n\tat com.kms.katalon.core.main.TestCaseExecutor.processExecutionPhase(TestCaseExecutor.java:306)\r\n\tat com.kms.katalon.core.main.TestCaseExecutor.accessMainPhase(TestCaseExecutor.java:298)\r\n\tat com.kms.katalon.core.main.TestCaseExecutor.execute(TestCaseExecutor.java:232)\r\n\tat com.kms.katalon.core.main.TestSuiteExecutor.accessTestCaseMainPhase(TestSuiteExecutor.java:129)\r\n\tat com.kms.katalon.core.main.TestSuiteExecutor.accessTestSuiteMainPhase(TestSuiteExecutor.java:112)\r\n\tat com.kms.katalon.core.main.TestSuiteExecutor.execute(TestSuiteExecutor.java:81)\r\n\tat com.kms.katalon.core.main.TestCaseMain.startTestSuite(TestCaseMain.java:157)\r\n\tat com.kms.katalon.core.main.TestCaseMain$startTestSuite$0.call(Unknown Source)\r\n\tat TempTestSuite1565000845185.run(TempTestSuite1565000845185.groovy:35)\r\n</message>
  <exception>
    <message>com.kms.katalon.core.exception.StepFailedException: These following reason:
 [Unable to click on object '']</message>
    <frame>
      <class>com.kms.katalon.core.keyword.internal.KeywordMain</class>
      <method>stepFailed</method>
      <line>48</line>
    </frame>
    <frame>
      <class>com.kms.katalon.core.keyword.internal.KeywordMain</class>
      <method>stepFailed</method>
    </frame>
    <frame>
      <class>com.kms.katalon.core.keyword.internal.KeywordMain</class>
      <method>stepFailed</method>
      <line>21</line>
    </frame>
    <frame>
      <class>com.kms.katalon.core.keyword.internal.KeywordMain$stepFailed$0</class>
      <method>call</method>
    </frame>
    <frame>
      <class>com.kms.katalon.core.cucumber.keyword.CucumberBuiltinKeywords$_runWithCucumberRunner_closure3</class>
      <method>doCall</method>
      <line>272</line>
    </frame>
    <frame>
      <class>com.kms.katalon.core.cucumber.keyword.CucumberBuiltinKeywords$_runWithCucumberRunner_closure3</class>
      <method>doCall</method>
    </frame>
    <frame>
      <class>com.kms.katalon.core.keyword.internal.KeywordMain</class>
      <method>runKeyword</method>
      <line>66</line>
    </frame>
    <frame>
      <class>com.kms.katalon.core.keyword.internal.KeywordMain$runKeyword</class>
      <method>call</method>
    </frame>
    <frame>
      <class>com.kms.katalon.core.cucumber.keyword.CucumberBuiltinKeywords</class>
      <method>runWithCucumberRunner</method>
      <line>257</line>
    </frame>
    <frame>
      <class>com.kms.katalon.core.cucumber.keyword.CucumberBuiltinKeywords$runWithCucumberRunner$0</class>
      <method>callStatic</method>
    </frame>
    <frame>
      <class>com.kms.katalon.core.cucumber.keyword.CucumberBuiltinKeywords</class>
      <method>runWithCucumberRunner</method>
      <line>357</line>
    </frame>
    <frame>
      <class>com.kms.katalon.core.cucumber.keyword.CucumberBuiltinKeywords$runWithCucumberRunner</class>
      <method>call</method>
    </frame>
    <frame>
      <class>TC_EnergyEfficiencyBestManagementPractices</class>
      <method>run</method>
      <line>17</line>
    </frame>
    <frame>
      <class>com.kms.katalon.core.main.ScriptEngine</class>
      <method>run</method>
      <line>194</line>
    </frame>
    <frame>
      <class>com.kms.katalon.core.main.ScriptEngine</class>
      <method>runScriptAsRawText</method>
      <line>119</line>
    </frame>
    <frame>
      <class>com.kms.katalon.core.main.TestCaseExecutor</class>
      <method>runScript</method>
      <line>336</line>
    </frame>
    <frame>
      <class>com.kms.katalon.core.main.TestCaseExecutor</class>
      <method>doExecute</method>
      <line>327</line>
    </frame>
    <frame>
      <class>com.kms.katalon.core.main.TestCaseExecutor</class>
      <method>processExecutionPhase</method>
      <line>306</line>
    </frame>
    <frame>
      <class>com.kms.katalon.core.main.TestCaseExecutor</class>
      <method>accessMainPhase</method>
      <line>298</line>
    </frame>
    <frame>
      <class>com.kms.katalon.core.main.TestCaseExecutor</class>
      <method>execute</method>
      <line>232</line>
    </frame>
    <frame>
      <class>com.kms.katalon.core.main.TestSuiteExecutor</class>
      <method>accessTestCaseMainPhase</method>
      <line>129</line>
    </frame>
    <frame>
      <class>com.kms.katalon.core.main.TestSuiteExecutor</class>
      <method>accessTestSuiteMainPhase</method>
      <line>112</line>
    </frame>
    <frame>
      <class>com.kms.katalon.core.main.TestSuiteExecutor</class>
      <method>execute</method>
      <line>81</line>
    </frame>
    <frame>
      <class>com.kms.katalon.core.main.TestCaseMain</class>
      <method>startTestSuite</method>
      <line>157</line>
    </frame>
    <frame>
      <class>com.kms.katalon.core.main.TestCaseMain$startTestSuite$0</class>
      <method>call</method>
    </frame>
    <frame>
      <class>TempTestSuite1565000845185</class>
      <method>run</method>
      <line>35</line>
    </frame>
  </exception>
  <nestedLevel>0</nestedLevel>
</record>
<record>
  <date>2019-08-05T15:58:33</date>
  <millis>1565000913360</millis>
  <sequence>98</sequence>
  <level>END</level>
  <class>com.kms.katalon.core.logging.XmlKeywordLogger</class>
  <method>endTest</method>
  <thread>1</thread>
  <message>End Test Case : Test Cases/OM_ExistingBuildings/TC_EnergyEfficiencyBestManagementPractices</message>
  <nestedLevel>0</nestedLevel>
</record>
<record>
  <date>2019-08-05T15:58:34</date>
  <millis>1565000914051</millis>
  <sequence>99</sequence>
  <level>END</level>
  <class>com.kms.katalon.core.logging.XmlKeywordLogger</class>
  <method>endSuite</method>
  <thread>1</thread>
  <message>End Test Suite : Test Suites/demo_EEBM</message>
  <nestedLevel>0</nestedLevel>
</record>
</log>
