<?xml version="1.0" encoding="UTF-8" standalone="no"?>
<!DOCTYPE log SYSTEM "logger.dtd">
<log>
<record>
  <date>2019-07-30T20:49:06</date>
  <millis>1564499946087</millis>
  <sequence>0</sequence>
  <level>START</level>
  <class>com.kms.katalon.core.logging.XmlKeywordLogger</class>
  <method>startSuite</method>
  <thread>1</thread>
  <message>Start Test Suite : Test Suites/TS_OM_ExistingBuildings</message>
  <nestedLevel>0</nestedLevel>
  <property name="name">TS_OM_ExistingBuildings</property>
  <property name="description"></property>
  <property name="id">Test Suites/TS_OM_ExistingBuildings</property>
</record>
<record>
  <date>2019-07-30T20:49:06</date>
  <millis>1564499946114</millis>
  <sequence>1</sequence>
  <level>RUN_DATA</level>
  <class>com.kms.katalon.core.logging.XmlKeywordLogger</class>
  <method>logMessage</method>
  <thread>1</thread>
  <message>hostName = Promantus Inc - G10PROLT021</message>
  <nestedLevel>0</nestedLevel>
  <property name="hostName">Promantus Inc - G10PROLT021</property>
</record>
<record>
  <date>2019-07-30T20:49:06</date>
  <millis>1564499946299</millis>
  <sequence>2</sequence>
  <level>RUN_DATA</level>
  <class>com.kms.katalon.core.logging.XmlKeywordLogger</class>
  <method>logMessage</method>
  <thread>1</thread>
  <message>os = Windows 10 64bit</message>
  <nestedLevel>0</nestedLevel>
  <property name="os">Windows 10 64bit</property>
</record>
<record>
  <date>2019-07-30T20:49:06</date>
  <millis>1564499946300</millis>
  <sequence>3</sequence>
  <level>RUN_DATA</level>
  <class>com.kms.katalon.core.logging.XmlKeywordLogger</class>
  <method>logMessage</method>
  <thread>1</thread>
  <message>hostAddress = 192.168.0.107</message>
  <nestedLevel>0</nestedLevel>
  <property name="hostAddress">192.168.0.107</property>
</record>
<record>
  <date>2019-07-30T20:49:06</date>
  <millis>1564499946301</millis>
  <sequence>4</sequence>
  <level>RUN_DATA</level>
  <class>com.kms.katalon.core.logging.XmlKeywordLogger</class>
  <method>logMessage</method>
  <thread>1</thread>
  <message>katalonVersion = 6.0.5.4</message>
  <nestedLevel>0</nestedLevel>
  <property name="katalonVersion">6.0.5.4</property>
</record>
<record>
  <date>2019-07-30T20:49:06</date>
  <millis>1564499946805</millis>
  <sequence>5</sequence>
  <level>START</level>
  <class>com.kms.katalon.core.logging.XmlKeywordLogger</class>
  <method>startTest</method>
  <thread>1</thread>
  <message>Start Test Case : Test Cases/OM_ExistingBuildings/TC_EnergyEfficiencyBestManagementPractices</message>
  <nestedLevel>1</nestedLevel>
  <property name="name">Test Cases/OM_ExistingBuildings/TC_EnergyEfficiencyBestManagementPractices</property>
  <property name="description"></property>
  <property name="id">Test Cases/OM_ExistingBuildings/TC_EnergyEfficiencyBestManagementPractices</property>
  <property name="source">G:\\Sabareesh\\Personal\\USGBC_NewApproach1\\USGBC_LEED\\Test Cases\\OM_ExistingBuildings\\TC_EnergyEfficiencyBestManagementPractices.tc</property>
  <property name="isOptional">false</property>
</record>
<record>
  <date>2019-07-30T20:49:07</date>
  <millis>1564499947365</millis>
  <sequence>7</sequence>
  <level>START</level>
  <class>com.kms.katalon.core.logging.XmlKeywordLogger</class>
  <method>startKeyword</method>
  <thread>1</thread>
  <message>Start action : runWithCucumberRunner(runner_OM_ExistingBuildings.EnergyEfficiencyBestManagementPractices)</message>
  <nestedLevel>1</nestedLevel>
  <property name="startLine">17</property>
  <property name="stepIndex">1</property>
</record>
